10.31.2019 10:16:21 INFO Status: CONNECTING
10.31.2019 10:16:22 INFO Status: DISCONNECTED
10.31.2019 10:16:22 ERROR Exception: ConfigElementFactory: Unknown element type
Traceback (most recent call last):
  File "getoffers.py", line 82, in main
    common_samples.session_status_changed)
  File "H:\Python\Python37\lib\site-packages\forexconnect\ForexConnect.py", line 206, in login
    use_table_manager, table_manager_callback)
  File "H:\Python\Python37\lib\site-packages\forexconnect\ForexConnect.py", line 153, in _login
    raise LoginFailedError(self._status_listener.last_error)
forexconnect.errors.LoginFailedError: ConfigElementFactory: Unknown element type

10.31.2019 10:17:59 INFO Status: CONNECTING
10.31.2019 10:17:59 INFO Status: DISCONNECTED
10.31.2019 10:17:59 ERROR Exception: ConfigElementFactory: Unknown element type
Traceback (most recent call last):
  File "getoffers.py", line 82, in main
    common_samples.session_status_changed)
  File "H:\Python\Python37\lib\site-packages\forexconnect\ForexConnect.py", line 206, in login
    use_table_manager, table_manager_callback)
  File "H:\Python\Python37\lib\site-packages\forexconnect\ForexConnect.py", line 153, in _login
    raise LoginFailedError(self._status_listener.last_error)
forexconnect.errors.LoginFailedError: ConfigElementFactory: Unknown element type

10.31.2019 10:19:35 INFO Status: CONNECTING
10.31.2019 10:19:35 INFO Status: DISCONNECTED
10.31.2019 10:19:35 ERROR Exception: ORA-499: Unable to obtain station descriptor. HTTP request failed object='/?ID=125004125&PN=Demo&SN=ForexConnect&MV=5&LN=701130925&AT=PLAIN' errorCode=6
Traceback (most recent call last):
  File "getoffers.py", line 82, in main
    common_samples.session_status_changed)
  File "H:\Python\Python37\lib\site-packages\forexconnect\ForexConnect.py", line 206, in login
    use_table_manager, table_manager_callback)
  File "H:\Python\Python37\lib\site-packages\forexconnect\ForexConnect.py", line 153, in _login
    raise LoginFailedError(self._status_listener.last_error)
forexconnect.errors.LoginFailedError: ORA-499: Unable to obtain station descriptor. HTTP request failed object='/?ID=125004125&PN=Demo&SN=ForexConnect&MV=5&LN=701130925&AT=PLAIN' errorCode=6

10.31.2019 10:20:16 INFO Status: CONNECTING
10.31.2019 10:20:16 INFO Status: DISCONNECTED
10.31.2019 10:20:16 ERROR Exception: ORA-499: Unable to obtain station descriptor. HTTP request failed object='/?ID=125045031&PN=Demo&SN=ForexConnect&MV=5&LN=701130925&AT=PLAIN' errorCode=6
Traceback (most recent call last):
  File "getoffers.py", line 82, in main
    common_samples.session_status_changed)
  File "H:\Python\Python37\lib\site-packages\forexconnect\ForexConnect.py", line 206, in login
    use_table_manager, table_manager_callback)
  File "H:\Python\Python37\lib\site-packages\forexconnect\ForexConnect.py", line 153, in _login
    raise LoginFailedError(self._status_listener.last_error)
forexconnect.errors.LoginFailedError: ORA-499: Unable to obtain station descriptor. HTTP request failed object='/?ID=125045031&PN=Demo&SN=ForexConnect&MV=5&LN=701130925&AT=PLAIN' errorCode=6

10.31.2019 10:21:03 INFO Status: CONNECTING
10.31.2019 10:21:09 INFO Status: CONNECTED
10.31.2019 10:22:10 INFO Status: DISCONNECTING
10.31.2019 10:22:10 INFO Status: DISCONNECTED
10.31.2019 10:23:06 INFO Status: CONNECTING
10.31.2019 10:23:11 INFO Status: CONNECTED
10.31.2019 10:23:18 INFO Status: DISCONNECTING
10.31.2019 10:23:18 INFO Status: DISCONNECTED
10.31.2019 10:23:54 INFO Status: CONNECTING
10.31.2019 10:24:01 INFO Status: CONNECTED
10.31.2019 10:24:07 INFO Status: DISCONNECTING
10.31.2019 10:24:07 INFO Status: DISCONNECTED
10.31.2019 10:25:55 INFO Status: CONNECTING
10.31.2019 10:26:01 INFO Status: CONNECTED
10.31.2019 10:26:08 INFO Status: DISCONNECTING
10.31.2019 10:26:08 INFO Status: DISCONNECTED
04.11.2022 09:28:28 INFO Status: CONNECTING
04.11.2022 09:28:34 INFO Status: CONNECTED
04.11.2022 09:28:42 INFO Status: DISCONNECTING
04.11.2022 09:28:42 INFO Status: DISCONNECTED
04.11.2022 09:28:58 INFO Status: CONNECTING
04.11.2022 09:29:03 INFO Status: CONNECTED
04.11.2022 09:30:05 INFO Status: DISCONNECTING
04.11.2022 09:30:05 INFO Status: DISCONNECTED
04.11.2022 09:35:30 INFO Status: CONNECTING
04.11.2022 09:35:36 INFO Status: CONNECTED
04.11.2022 09:35:43 INFO Status: DISCONNECTING
04.11.2022 09:35:45 INFO Status: DISCONNECTED
04.11.2022 09:36:07 INFO Status: CONNECTING
04.11.2022 09:36:13 INFO Status: CONNECTED
04.11.2022 09:37:14 INFO Status: DISCONNECTING
04.11.2022 09:37:15 INFO Status: DISCONNECTED
04.11.2022 09:41:36 INFO Status: CONNECTING
04.11.2022 09:41:41 INFO Status: CONNECTED
04.11.2022 09:41:57 INFO Status: DISCONNECTING
04.11.2022 09:41:57 INFO Status: DISCONNECTED
04.11.2022 16:22:45 INFO Status: CONNECTING
04.11.2022 16:22:51 INFO Status: CONNECTED
04.11.2022 16:22:58 INFO Status: DISCONNECTING
04.11.2022 16:22:58 INFO Status: DISCONNECTED
04.11.2022 16:23:10 INFO Status: CONNECTING
04.11.2022 16:23:16 INFO Status: CONNECTED
04.11.2022 16:24:17 INFO Status: DISCONNECTING
04.11.2022 16:24:18 INFO Status: DISCONNECTED
04.11.2022 16:26:34 INFO Status: CONNECTING
04.11.2022 16:26:40 INFO Status: CONNECTED
04.11.2022 16:33:51 INFO Status: CONNECTING
04.11.2022 16:33:57 INFO Status: CONNECTED
04.11.2022 16:33:58 ERROR Exception: local variable 'offer_row' referenced before assignment
Traceback (most recent call last):
  File "K:\fxcm\fc\forex-connect-master-1.6.3\samples\Python\GetOffers.py", line 108, in main
    offers_listener.print_offers(offers)
  File "K:\fxcm\fc\forex-connect-master-1.6.3\samples\Python\GetOffers.py", line 50, in print_offers
    if offer_row.instrument == 'XAU/USD' or offer_row.instrument == 'EUR/USD' or offer_row.instrument == 'JPY/USD':
UnboundLocalError: local variable 'offer_row' referenced before assignment

04.11.2022 16:33:58 INFO Status: DISCONNECTING
04.11.2022 16:33:58 INFO Status: DISCONNECTED
04.11.2022 16:34:36 INFO Status: CONNECTING
04.11.2022 16:34:41 INFO Status: CONNECTED
04.11.2022 16:35:37 INFO Status: DISCONNECTING
04.11.2022 16:35:37 INFO Status: DISCONNECTED
04.11.2022 16:35:47 INFO Status: CONNECTING
04.11.2022 16:35:53 INFO Status: CONNECTED
04.11.2022 16:37:20 INFO Status: CONNECTING
04.11.2022 16:37:25 INFO Status: CONNECTED
04.11.2022 16:38:15 INFO Status: CONNECTING
04.11.2022 16:38:20 INFO Status: CONNECTED
04.11.2022 16:39:22 INFO Status: DISCONNECTING
04.11.2022 16:39:22 INFO Status: DISCONNECTED
04.11.2022 16:41:52 INFO Status: CONNECTING
04.11.2022 16:41:58 INFO Status: CONNECTED
04.11.2022 16:42:59 INFO Status: DISCONNECTING
04.11.2022 16:43:00 INFO Status: DISCONNECTED
09.07.2022 09:27:50 INFO Status: CONNECTING
09.07.2022 09:27:55 INFO Status: CONNECTED
09.07.2022 09:28:56 INFO Status: DISCONNECTING
09.07.2022 09:28:56 INFO Status: DISCONNECTED
09.07.2022 09:30:08 INFO Status: CONNECTING
09.07.2022 09:30:13 INFO Status: CONNECTED
09.07.2022 09:34:18 INFO Status: CONNECTING
09.07.2022 09:34:22 INFO Status: CONNECTED
09.07.2022 09:36:14 INFO Status: CONNECTING
09.07.2022 09:36:19 INFO Status: CONNECTED
09.07.2022 09:36:28 INFO Status: DISCONNECTING
09.07.2022 09:36:28 INFO Status: DISCONNECTED
09.07.2022 09:36:48 INFO Status: CONNECTING
09.07.2022 09:36:53 INFO Status: CONNECTED
09.07.2022 09:36:54 ERROR Exception: Attribute not found 'toString'
Traceback (most recent call last):
  File "K:\fxcm\fc\forex-connect-master-1.6.3\samples\Python\GetOffers.py", line 109, in main
    offers_listener.print_offers(offers)
  File "K:\fxcm\fc\forex-connect-master-1.6.3\samples\Python\GetOffers.py", line 52, in print_offers
    self.print_offer(offer_row, None)
  File "K:\fxcm\fc\forex-connect-master-1.6.3\samples\Python\GetOffers.py", line 59, in print_offer
    print(offer_row.toString())
AttributeError: Attribute not found 'toString'

09.07.2022 09:36:54 INFO Status: DISCONNECTING
09.07.2022 09:36:54 INFO Status: DISCONNECTED
09.07.2022 09:37:49 INFO Status: CONNECTING
09.07.2022 09:37:53 INFO Status: CONNECTED
09.07.2022 10:11:51 INFO Status: CONNECTING
09.07.2022 10:11:57 INFO Status: CONNECTED
09.07.2022 10:13:04 INFO Status: DISCONNECTING
09.07.2022 10:13:04 INFO Status: DISCONNECTED
09.07.2022 10:13:26 INFO Status: CONNECTING
09.07.2022 10:13:31 INFO Status: CONNECTED
09.07.2022 10:14:43 INFO Status: DISCONNECTING
09.07.2022 10:14:44 INFO Status: DISCONNECTED
09.07.2022 10:19:12 INFO Status: CONNECTING
09.07.2022 10:19:17 INFO Status: CONNECTED
